<?xml version="1.0" encoding="UTF-8"?>
<coverage generated="1779031155851" clover="3.2.0">
  <project timestamp="1779031155851" name="All files">
    <metrics statements="33" coveredstatements="24" conditionals="6" coveredconditionals="5" methods="12" coveredmethods="7" elements="51" coveredelements="36" complexity="0" loc="33" ncloc="33" packages="3" files="3" classes="3"/>
    <package name="components">
      <metrics statements="6" coveredstatements="4" conditionals="4" coveredconditionals="3" methods="2" coveredmethods="1"/>
      <file name="Navbar.jsx" path="D:\Document\Bootcamp Dibimbing\Coding Dibimbing\Assigment\React Mini Project\react-user-app\src\components\Navbar.jsx">
        <metrics statements="6" coveredstatements="4" conditionals="4" coveredconditionals="3" methods="2" coveredmethods="1"/>
        <line num="6" count="1" type="stmt"/>
        <line num="7" count="1" type="stmt"/>
        <line num="9" count="1" type="stmt"/>
        <line num="10" count="0" type="stmt"/>
        <line num="11" count="0" type="stmt"/>
        <line num="14" count="1" type="stmt"/>
      </file>
    </package>
    <package name="context">
      <metrics statements="9" coveredstatements="5" conditionals="2" coveredconditionals="2" methods="3" coveredmethods="1"/>
      <file name="AuthContext.jsx" path="D:\Document\Bootcamp Dibimbing\Coding Dibimbing\Assigment\React Mini Project\react-user-app\src\context\AuthContext.jsx">
        <metrics statements="9" coveredstatements="5" conditionals="2" coveredconditionals="2" methods="3" coveredmethods="1"/>
        <line num="3" count="1" type="stmt"/>
        <line num="6" count="1" type="stmt"/>
        <line num="10" count="1" type="stmt"/>
        <line num="11" count="0" type="stmt"/>
        <line num="12" count="0" type="stmt"/>
        <line num="15" count="1" type="stmt"/>
        <line num="16" count="0" type="stmt"/>
        <line num="17" count="0" type="stmt"/>
        <line num="20" count="1" type="stmt"/>
      </file>
    </package>
    <package name="pages">
      <metrics statements="18" coveredstatements="15" conditionals="0" coveredconditionals="0" methods="7" coveredmethods="5"/>
      <file name="Home.jsx" path="D:\Document\Bootcamp Dibimbing\Coding Dibimbing\Assigment\React Mini Project\react-user-app\src\pages\Home.jsx">
        <metrics statements="18" coveredstatements="15" conditionals="0" coveredconditionals="0" methods="7" coveredmethods="5"/>
        <line num="6" count="1" type="stmt"/>
        <line num="7" count="10" type="stmt"/>
        <line num="8" count="10" type="stmt"/>
        <line num="9" count="10" type="stmt"/>
        <line num="10" count="10" type="stmt"/>
        <line num="12" count="10" type="stmt"/>
        <line num="13" count="6" type="stmt"/>
        <line num="14" count="6" type="stmt"/>
        <line num="15" count="6" type="stmt"/>
        <line num="16" count="6" type="stmt"/>
        <line num="18" count="0" type="stmt"/>
        <line num="22" count="10" type="stmt"/>
        <line num="23" count="6" type="stmt"/>
        <line num="26" count="10" type="stmt"/>
        <line num="35" count="5" type="stmt"/>
        <line num="37" count="0" type="stmt"/>
        <line num="59" count="0" type="stmt"/>
        <line num="71" count="1" type="stmt"/>
      </file>
    </package>
  </project>
</coverage>
