TN:
SF:src\components\Navbar.jsx
FN:5,Navbar
FN:9,(anonymous_1)
FNF:2
FNH:1
FNDA:1,Navbar
FNDA:0,(anonymous_1)
DA:6,1
DA:7,1
DA:9,1
DA:10,0
DA:11,0
DA:14,1
LF:6
LH:4
BRDA:21,0,0,1
BRDA:21,0,1,1
BRDA:39,1,0,1
BRDA:39,1,1,0
BRF:4
BRH:3
end_of_record
TN:
SF:src\context\AuthContext.jsx
FN:5,AuthProvider
FN:10,(anonymous_1)
FN:15,(anonymous_2)
FNF:3
FNH:1
FNDA:1,AuthProvider
FNDA:0,(anonymous_1)
FNDA:0,(anonymous_2)
DA:3,1
DA:6,1
DA:10,1
DA:11,0
DA:12,0
DA:15,1
DA:16,0
DA:17,0
DA:20,1
LF:9
LH:5
BRDA:7,0,0,1
BRDA:7,0,1,1
BRF:2
BRH:2
end_of_record
TN:
SF:src\pages\Home.jsx
FN:6,(anonymous_0)
FN:12,(anonymous_1)
FN:22,(anonymous_2)
FN:34,(anonymous_3)
FN:37,(anonymous_4)
FN:59,(anonymous_5)
FN:71,(anonymous_6)
FNF:7
FNH:5
FNDA:10,(anonymous_0)
FNDA:6,(anonymous_1)
FNDA:6,(anonymous_2)
FNDA:5,(anonymous_3)
FNDA:0,(anonymous_4)
FNDA:0,(anonymous_5)
FNDA:1,(anonymous_6)
DA:6,1
DA:7,10
DA:8,10
DA:9,10
DA:10,10
DA:12,10
DA:13,6
DA:14,6
DA:15,6
DA:16,6
DA:18,0
DA:22,10
DA:23,6
DA:26,10
DA:35,5
DA:37,0
DA:59,0
DA:71,1
LF:18
LH:15
BRF:0
BRH:0
end_of_record
